Starting server with Config HP="127.0.0.1:61212"|T="28800000"|R="false"|L="info"
time="2026-04-05T23:16:26-06:00" level=info msg="Creating root@localhost superuser"
time="2026-04-05T23:16:26-06:00" level=info msg="Server ready. Accepting connections."
time="2026-04-05T23:16:26-06:00" level=warning msg="secure_file_priv is set to \"\", which is insecure."
time="2026-04-05T23:16:26-06:00" level=warning msg="Any user with GRANT FILE privileges will be able to read any file which the sql-server process can read."
time="2026-04-05T23:16:26-06:00" level=warning msg="Please consider restarting the server with secure_file_priv set to a safe (or non-existent) directory."
time="2026-04-05T23:16:26-06:00" level=info msg=NewConnection DisableClientMultiStatements=false connectionID=1
time="2026-04-05T23:16:26-06:00" level=info msg=ConnectionClosed connectionID=1
time="2026-04-05T23:16:26-06:00" level=info msg=NewConnection DisableClientMultiStatements=false connectionID=2
time="2026-04-05T23:16:26-06:00" level=info msg=ConnectionClosed connectionID=2
time="2026-04-05T23:16:26-06:00" level=info msg=NewConnection DisableClientMultiStatements=false connectionID=3
time="2026-04-05T23:16:26-06:00" level=info msg=NewConnection DisableClientMultiStatements=false connectionID=4
time="2026-04-05T23:16:26-06:00" level=info msg=ConnectionClosed connectionID=3
time="2026-04-05T23:16:26-06:00" level=warning msg="error running query" connectTime="2026-04-05 23:16:26.536429 -0600 MDT m=+0.199967085" connectionDb=beads_a2ac connectionID=4 error="Duplicate key name 'idx_issues_issue_type'" queryTime="2026-04-05 23:16:26.557626 -0600 MDT m=+0.221164085"
time="2026-04-05T23:16:26-06:00" level=warning msg="error running query" connectTime="2026-04-05 23:16:26.536429 -0600 MDT m=+0.199967085" connectionDb=beads_a2ac connectionID=4 error="foreign key `fk_dep_depends_on` was not found on the table `dependencies`" queryTime="2026-04-05 23:16:26.558061 -0600 MDT m=+0.221599418"
time="2026-04-05T23:16:26-06:00" level=info msg=NewConnection DisableClientMultiStatements=false connectionID=5
time="2026-04-05T23:16:27-06:00" level=info msg=NewConnection DisableClientMultiStatements=false connectionID=6
time="2026-04-05T23:16:27-06:00" level=info msg=ConnectionClosed connectionID=6
time="2026-04-05T23:16:27-06:00" level=info msg=NewConnection DisableClientMultiStatements=false connectionID=7
time="2026-04-05T23:16:27-06:00" level=info msg=ConnectionClosed connectionID=7
time="2026-04-05T23:16:27-06:00" level=info msg=ConnectionClosed connectionID=5
time="2026-04-05T23:16:27-06:00" level=info msg=ConnectionClosed connectionID=4
time="2026-04-05T23:16:27-06:00" level=info msg=NewConnection DisableClientMultiStatements=false connectionID=8
time="2026-04-05T23:16:27-06:00" level=info msg=ConnectionClosed connectionID=8
time="2026-04-05T23:16:27-06:00" level=info msg=NewConnection DisableClientMultiStatements=false connectionID=9
time="2026-04-05T23:16:27-06:00" level=info msg=NewConnection DisableClientMultiStatements=false connectionID=10
time="2026-04-05T23:16:27-06:00" level=info msg=ConnectionClosed connectionID=9
time="2026-04-05T23:16:27-06:00" level=warning msg="error running query" connectTime="2026-04-05 23:16:27.403066 -0600 MDT m=+1.066607668" connectionDb=beads_a2ac connectionID=10 error="backup 'backup_export' not found" queryTime="2026-04-05 23:16:27.441107 -0600 MDT m=+1.104648793"

time="2026-04-05T23:16:27-06:00" level=info msg=ConnectionClosed connectionID=10
time="2026-04-05T23:16:37-06:00" level=info msg=NewConnection DisableClientMultiStatements=false connectionID=11
time="2026-04-05T23:16:37-06:00" level=info msg=ConnectionClosed connectionID=11
time="2026-04-05T23:16:37-06:00" level=info msg=NewConnection DisableClientMultiStatements=false connectionID=12
time="2026-04-05T23:16:37-06:00" level=info msg=NewConnection DisableClientMultiStatements=false connectionID=13
time="2026-04-05T23:16:37-06:00" level=info msg=ConnectionClosed connectionID=12
time="2026-04-05T23:16:37-06:00" level=info msg=ConnectionClosed connectionID=13
time="2026-04-05T23:27:52-06:00" level=info msg=NewConnection DisableClientMultiStatements=false connectionID=14
time="2026-04-05T23:27:52-06:00" level=info msg=ConnectionClosed connectionID=14
time="2026-04-05T23:27:52-06:00" level=info msg=NewConnection DisableClientMultiStatements=false connectionID=15
time="2026-04-05T23:27:52-06:00" level=info msg=NewConnection DisableClientMultiStatements=false connectionID=16
time="2026-04-05T23:27:52-06:00" level=info msg=ConnectionClosed connectionID=15
time="2026-04-05T23:27:52-06:00" level=info msg=ConnectionClosed connectionID=16
time="2026-04-05T23:28:02-06:00" level=info msg=NewConnection DisableClientMultiStatements=false connectionID=17
time="2026-04-05T23:28:02-06:00" level=info msg=ConnectionClosed connectionID=17
time="2026-04-05T23:28:02-06:00" level=info msg=NewConnection DisableClientMultiStatements=false connectionID=18
time="2026-04-05T23:28:02-06:00" level=info msg=NewConnection DisableClientMultiStatements=false connectionID=19
time="2026-04-05T23:28:02-06:00" level=info msg=ConnectionClosed connectionID=18
time="2026-04-05T23:28:02-06:00" level=warning msg="error running query" connectTime="2026-04-05 23:28:02.489001 -0600 MDT m=+696.150901293" connectionDb=beads_a2ac connectionID=19 error="nothing to commit" queryTime="2026-04-05 23:28:02.49659 -0600 MDT m=+696.158490335"
time="2026-04-05T23:28:02-06:00" level=info msg=NewConnection DisableClientMultiStatements=false connectionID=20
time="2026-04-05T23:28:02-06:00" level=info msg=ConnectionClosed connectionID=20
time="2026-04-05T23:28:02-06:00" level=info msg=NewConnection DisableClientMultiStatements=false connectionID=21
time="2026-04-05T23:28:02-06:00" level=info msg=ConnectionClosed connectionID=21
time="2026-04-05T23:28:02-06:00" level=info msg=ConnectionClosed connectionID=19
time="2026-04-05T23:28:12-06:00" level=info msg=NewConnection DisableClientMultiStatements=false connectionID=22
time="2026-04-05T23:28:12-06:00" level=info msg=ConnectionClosed connectionID=22
time="2026-04-05T23:28:12-06:00" level=info msg=NewConnection DisableClientMultiStatements=false connectionID=23
time="2026-04-05T23:28:12-06:00" level=info msg=NewConnection DisableClientMultiStatements=false connectionID=24
time="2026-04-05T23:28:12-06:00" level=info msg=ConnectionClosed connectionID=23
time="2026-04-05T23:28:12-06:00" level=warning msg="error running query" connectTime="2026-04-05 23:28:12.171029 -0600 MDT m=+705.832958293" connectionDb=beads_a2ac connectionID=24 error="nothing to commit" queryTime="2026-04-05 23:28:12.179766 -0600 MDT m=+705.841695126"
time="2026-04-05T23:28:12-06:00" level=info msg=NewConnection DisableClientMultiStatements=false connectionID=25
time="2026-04-05T23:28:12-06:00" level=info msg=ConnectionClosed connectionID=25
time="2026-04-05T23:28:12-06:00" level=info msg=NewConnection DisableClientMultiStatements=false connectionID=26
time="2026-04-05T23:28:12-06:00" level=info msg=ConnectionClosed connectionID=26
time="2026-04-05T23:28:12-06:00" level=info msg=ConnectionClosed connectionID=24
time="2026-04-05T23:28:23-06:00" level=info msg=NewConnection DisableClientMultiStatements=false connectionID=27
time="2026-04-05T23:28:23-06:00" level=info msg=ConnectionClosed connectionID=27
time="2026-04-05T23:28:23-06:00" level=info msg=NewConnection DisableClientMultiStatements=false connectionID=28
time="2026-04-05T23:28:23-06:00" level=info msg=NewConnection DisableClientMultiStatements=false connectionID=29
time="2026-04-05T23:28:23-06:00" level=info msg=ConnectionClosed connectionID=28
time="2026-04-05T23:28:23-06:00" level=warning msg="error running query" connectTime="2026-04-05 23:28:23.268196 -0600 MDT m=+716.930156960" connectionDb=beads_a2ac connectionID=29 error="nothing to commit" queryTime="2026-04-05 23:28:23.275597 -0600 MDT m=+716.937558043"
time="2026-04-05T23:28:23-06:00" level=info msg=NewConnection DisableClientMultiStatements=false connectionID=30
time="2026-04-05T23:28:23-06:00" level=info msg=ConnectionClosed connectionID=30
time="2026-04-05T23:28:23-06:00" level=info msg=NewConnection DisableClientMultiStatements=false connectionID=31
time="2026-04-05T23:28:23-06:00" level=info msg=ConnectionClosed connectionID=31
time="2026-04-05T23:28:23-06:00" level=info msg=ConnectionClosed connectionID=29
